mail() on [/home/greencub/public_html/Projects/EZI/client-invitations-are-on-their-way.php:125]: To: dhavaljoshi3001@gmail.com -- Headers: MIME-Version: 1.0  Content-type:text/html;charset=UTF-8  From:eziFunerals
mail() on [/home/greencub/public_html/Projects/EZI/client-invitations-are-on-their-way.php:125]: To: dhavaljoshi3001@gmail.com -- Headers: MIME-Version: 1.0  Content-type:text/html;charset=UTF-8  From:eziFunerals
mail() on [/home/greencub/public_html/Projects/EZI/client-invitations-are-on-their-way.php:125]: To: greencubestest@gmail.com -- Headers: MIME-Version: 1.0  Content-type:text/html;charset=UTF-8  From:eziFunerals
mail() on [/home/greencub/public_html/Projects/EZI/client-invitations-are-on-their-way.php:125]: To: greencubestest@gmail.com -- Headers: MIME-Version: 1.0  Content-type:text/html;charset=UTF-8  From:eziFunerals
mail() on [/home/greencub/public_html/Projects/EZI/client-invitations-are-on-their-way.php:125]: To: greencubestest@gmail.com -- Headers: MIME-Version: 1.0  Content-type:text/html;charset=UTF-8  From:eziFunerals
mail() on [/home/greencub/public_html/Projects/EZI/client-invitations-are-on-their-way.php:125]: To: peter@ezifunerals.com.au -- Headers: MIME-Version: 1.0  Content-type:text/html;charset=UTF-8  From:eziFunerals
mail() on [/home/greencub/public_html/Projects/EZI/client-invitations-are-on-their-way.php:125]: To: mormiraj+4@gmail.com -- Headers: MIME-Version: 1.0  Content-type:text/html;charset=UTF-8  From:eziFunerals
mail() on [/home/greencub/public_html/Projects/EZI/client-invitations-are-on-their-way.php:125]: To: mormiraj+4@gmail.com -- Headers: MIME-Version: 1.0  Content-type:text/html;charset=UTF-8  From:eziFunerals
mail() on [/home/greencub/public_html/Projects/EZI/client-invitations-are-on-their-way.php:125]: To: mormiraj+4@gmail.com -- Headers: MIME-Version: 1.0  Content-type:text/html;charset=UTF-8  From:eziFunerals
mail() on [/home/greencub/public_html/Projects/EZI/client-invitations-are-on-their-way.php:125]: To: mormiraj+4@gmail.com -- Headers: MIME-Version: 1.0  Content-type:text/html;charset=UTF-8  From:eziFunerals
mail() on [/home/greencub/public_html/Projects/EZI/client-invitations-are-on-their-way.php:125]: To: mormiraj+4@gmail.com -- Headers: MIME-Version: 1.0  Content-type:text/html;charset=UTF-8  From:eziFunerals
mail() on [/home/greencub/public_html/Projects/EZI/client-invitations-are-on-their-way.php:125]: To: mormiraj+4@gmail.com -- Headers: MIME-Version: 1.0  Content-type:text/html;charset=UTF-8  From:eziFunerals
mail() on [/home/greencub/public_html/Projects/EZI/client-invitations-are-on-their-way.php:125]: To: mormiraj+22@gmail.com -- Headers: MIME-Version: 1.0  Content-type:text/html;charset=UTF-8  From:eziFunerals
mail() on [/home/greencub/public_html/Projects/EZI/client-invitations-are-on-their-way.php:125]: To: mormiraj+22@gmail.com -- Headers: MIME-Version: 1.0  Content-type:text/html;charset=UTF-8  From:eziFunerals
mail() on [/home/greencub/public_html/Projects/EZI/client-invitations-are-on-their-way.php:125]: To: mormiraj+22@gmail.com -- Headers: MIME-Version: 1.0  Content-type:text/html;charset=UTF-8  From:eziFunerals
mail() on [/home/greencub/public_html/Projects/EZI/client-invitations-are-on-their-way.php:125]: To: mormiraj+22@gmail.com -- Headers: MIME-Version: 1.0  Content-type:text/html;charset=UTF-8  From:eziFunerals
mail() on [/home/greencub/public_html/Projects/EZI/client-invitations-are-on-their-way.php:125]: To: zoe.erceg@westnet.com.au -- Headers: MIME-Version: 1.0  Content-type:text/html;charset=UTF-8  From:eziFunerals
mail() on [/home/greencub/public_html/Projects/EZI/client-invitations-are-on-their-way.php:125]: To: peter@ezifunerals.com.au -- Headers: MIME-Version: 1.0  Content-type:text/html;charset=UTF-8  From:eziFunerals
mail() on [/home/greencub/public_html/Projects/EZI/client-invitations-are-on-their-way.php:125]: To: mormiraj+22@gmail.com -- Headers: MIME-Version: 1.0  Content-type:text/html;charset=UTF-8  From:eziFunerals
mail() on [/home/greencub/public_html/Projects/EZI/client-invitations-are-on-their-way.php:125]: To: peter@ezifunerals.com.au -- Headers: MIME-Version: 1.0  Content-type:text/html;charset=UTF-8  From:eziFunerals
mail() on [/home/greencub/public_html/Projects/EZI/client-invitations-are-on-their-way.php:125]: To: ezifdstandsyd@gmail.com -- Headers: MIME-Version: 1.0  Content-type:text/html;charset=UTF-8  From:eziFunerals
mail() on [/home/greencub/public_html/Projects/EZI/client-invitations-are-on-their-way.php:125]: To: mormiraj+22@gmail.com -- Headers: MIME-Version: 1.0  Content-type:text/html;charset=UTF-8  From:eziFunerals
mail() on [/home/greencub/public_html/Projects/EZI/client-invitations-are-on-their-way.php:125]: To: greencubestest+2@gmail.com -- Headers: MIME-Version: 1.0  Content-type:text/html;charset=UTF-8  From:eziFunerals
mail() on [/home/greencub/public_html/Projects/EZI/client-invitations-are-on-their-way.php:125]: To: greencubestest@gmail.com -- Headers: MIME-Version: 1.0  Content-type:text/html;charset=UTF-8  From:eziFunerals
mail() on [/home/greencub/public_html/Projects/EZI/client-invitations-are-on-their-way.php:125]: To: greencubestest@gmail.com -- Headers: MIME-Version: 1.0  Content-type:text/html;charset=UTF-8  From:eziFunerals
mail() on [/home/greencub/public_html/Projects/EZI/client-invitations-are-on-their-way.php:125]: To: greencubestest@gmail.com -- Headers: MIME-Version: 1.0  Content-type:text/html;charset=UTF-8  From:eziFunerals
mail() on [/home/greencub/public_html/Projects/EZI/client-invitations-are-on-their-way.php:125]: To: greencubestest@gmail.com -- Headers: MIME-Version: 1.0  Content-type:text/html;charset=UTF-8  From:eziFunerals
mail() on [/home/greencub/public_html/Projects/EZI/client-invitations-are-on-their-way.php:125]: To: greencubestest@gmail.com -- Headers: MIME-Version: 1.0  Content-type:text/html;charset=UTF-8  From:eziFunerals
mail() on [/home/greencub/public_html/Projects/EZI/client-invitations-are-on-their-way.php:125]: To: greencubestest@gmail.com -- Headers: MIME-Version: 1.0  Content-type:text/html;charset=UTF-8  From:eziFunerals
mail() on [/home/greencub/public_html/Projects/EZI/client-invitations-are-on-their-way.php:125]: To: greencubestest@gmail.com -- Headers: MIME-Version: 1.0  Content-type:text/html;charset=UTF-8  From:eziFunerals
mail() on [/home/greencub/public_html/Projects/EZI/client-invitations-are-on-their-way.php:125]: To: greencubestest+2@gmail.com -- Headers: MIME-Version: 1.0  Content-type:text/html;charset=UTF-8  From:eziFunerals
mail() on [/home/greencub/public_html/Projects/EZI/client-invitations-are-on-their-way.php:125]: To: ezifdstandsyd@gmail.com -- Headers: MIME-Version: 1.0  Content-type:text/html;charset=UTF-8  From:eziFunerals
mail() on [/home/greencub/public_html/Projects/EZI/client-invitations-are-on-their-way.php:125]: To: greencubestest@gmail.com -- Headers: MIME-Version: 1.0  Content-type:text/html;charset=UTF-8  From:eziFunerals
mail() on [/home/greencub/public_html/Projects/EZI/client-invitations-are-on-their-way.php:125]: To: greencubestest@gmail.com -- Headers: MIME-Version: 1.0  Content-type:text/html;charset=UTF-8  From:eziFunerals
mail() on [/home/greencub/public_html/Projects/EZI/client-invitations-are-on-their-way.php:125]: To: greencubestest@gmail.com -- Headers: MIME-Version: 1.0  Content-type:text/html;charset=UTF-8  From:eziFunerals
mail() on [/home/greencub/public_html/Projects/EZI/client-invitations-are-on-their-way.php:125]: To: greencubestest@gmail.com -- Headers: MIME-Version: 1.0  Content-type:text/html;charset=UTF-8  From:eziFunerals
mail() on [/home/greencub/public_html/Projects/EZI/client-invitations-are-on-their-way.php:125]: To: greencubestest@gmail.com -- Headers: MIME-Version: 1.0  Content-type:text/html;charset=UTF-8  From:eziFunerals
mail() on [/home/greencub/public_html/Projects/EZI/client-invitations-are-on-their-way.php:125]: To: greencubestest@gmail.com -- Headers: MIME-Version: 1.0  Content-type:text/html;charset=UTF-8  From:eziFunerals
mail() on [/home/greencub/public_html/Projects/EZI/client-invitations-are-on-their-way.php:125]: To: greencubestest@gmail.com -- Headers: MIME-Version: 1.0  Content-type:text/html;charset=UTF-8  From:eziFunerals
mail() on [/home/greencub/public_html/Projects/EZI/client-invitations-are-on-their-way.php:125]: To: greencubestest@gmail.com -- Headers: MIME-Version: 1.0  Content-type:text/html;charset=UTF-8  From:eziFunerals
mail() on [/home/greencub/public_html/Projects/EZI/client-invitations-are-on-their-way.php:125]: To: peter@ezifunerals.com.au -- Headers: MIME-Version: 1.0  Content-type:text/html;charset=UTF-8  From:eziFunerals
mail() on [/home/greencub/public_html/Projects/EZI/client-invitations-are-on-their-way.php:125]: To: peter@ezifunerals.com.au -- Headers: MIME-Version: 1.0  Content-type:text/html;charset=UTF-8  From:eziFunerals
mail() on [/home/greencub/public_html/Projects/EZI/client-invitations-are-on-their-way.php:125]: To: peter@ezifunerals.com.au -- Headers: MIME-Version: 1.0  Content-type:text/html;charset=UTF-8  From:eziFunerals
mail() on [/home/greencub/public_html/Projects/EZI/client-invitations-are-on-their-way.php:125]: To: peter@ezifunerals.com.au -- Headers: MIME-Version: 1.0  Content-type:text/html;charset=UTF-8  From:eziFunerals
mail() on [/home/greencub/public_html/Projects/EZI/client-invitations-are-on-their-way.php:125]: To: ezifdstandsyd@gmail.com -- Headers: MIME-Version: 1.0  Content-type:text/html;charset=UTF-8  From:eziFunerals
mail() on [/home/greencub/public_html/Projects/EZI/client-invitations-are-on-their-way.php:125]: To: mormiraj+22@gmail.com -- Headers: MIME-Version: 1.0  Content-type:text/html;charset=UTF-8  From:eziFunerals
mail() on [/home/greencub/public_html/Projects/EZI/client-invitations-are-on-their-way.php:125]: To: ezifdstandsyd@gmail.com -- Headers: MIME-Version: 1.0  Content-type:text/html;charset=UTF-8  From:eziFunerals
mail() on [/home/greencub/public_html/Projects/EZI/client-invitations-are-on-their-way.php:125]: To: ezifdstandsyd@gmail.com -- Headers: MIME-Version: 1.0  Content-type:text/html;charset=UTF-8  From:eziFunerals
mail() on [/home/greencub/public_html/Projects/EZI/client-invitations-are-on-their-way.php:125]: To: mormiraj+22@gmail.com -- Headers: MIME-Version: 1.0  Content-type:text/html;charset=UTF-8  From:eziFunerals
mail() on [/home/greencub/public_html/Projects/EZI/client-invitations-are-on-their-way.php:125]: To: mormiraj+22@gmail.com -- Headers: MIME-Version: 1.0  Content-type:text/html;charset=UTF-8  From:eziFunerals
mail() on [/home/greencub/public_html/Projects/EZI/client-invitations-are-on-their-way.php:125]: To: mormiraj+22@gmail.com -- Headers: MIME-Version: 1.0  Content-type:text/html;charset=UTF-8  From:eziFunerals
mail() on [/home/greencub/public_html/Projects/EZI/client-invitations-are-on-their-way.php:125]: To: greencubestest@gmail.com -- Headers: MIME-Version: 1.0  Content-type:text/html;charset=UTF-8  From:eziFunerals
mail() on [/home/greencub/public_html/Projects/EZI/client-invitations-are-on-their-way.php:125]: To: greencubestest@gmail.com -- Headers: MIME-Version: 1.0  Content-type:text/html;charset=UTF-8  From:eziFunerals
mail() on [/home/greencub/public_html/Projects/EZI/client-invitations-are-on-their-way.php:125]: To: mormiraj+22@gmail.com -- Headers: MIME-Version: 1.0  Content-type:text/html;charset=UTF-8  From:eziFunerals
mail() on [/home/greencub/public_html/Projects/EZI/client-invitations-are-on-their-way.php:125]: To: mormiraj+22@gmail.com -- Headers: MIME-Version: 1.0  Content-type:text/html;charset=UTF-8  From:eziFunerals
mail() on [/home/greencub/public_html/Projects/EZI/client-invitations-are-on-their-way.php:125]: To: zoe.erceg@westnet.com.au -- Headers: MIME-Version: 1.0  Content-type:text/html;charset=UTF-8  From:eziFunerals
mail() on [/home/greencub/public_html/Projects/EZI/client-invitations-are-on-their-way.php:125]: To: peter@ezifunerals.com.au -- Headers: MIME-Version: 1.0  Content-type:text/html;charset=UTF-8  From:eziFunerals
mail() on [/home/greencub/public_html/Projects/EZI/client-invitations-are-on-their-way.php:125]: To: greencubestest+123@gmail.com -- Headers: MIME-Version: 1.0  Content-type:text/html;charset=UTF-8  From:eziFunerals
mail() on [/home/greencub/public_html/Projects/EZI/client-invitations-are-on-their-way.php:125]: To: greencubestest+123@gmail.com -- Headers: MIME-Version: 1.0  Content-type:text/html;charset=UTF-8  From:eziFunerals
mail() on [/home/greencub/public_html/Projects/EZI/client-invitations-are-on-their-way.php:125]: To: greencubestest+123@gmail.com -- Headers: MIME-Version: 1.0  Content-type:text/html;charset=UTF-8  From:eziFunerals
mail() on [/home/greencub/public_html/Projects/EZI/client-invitations-are-on-their-way.php:125]: To: greencubestest+123@gmail.com -- Headers: MIME-Version: 1.0  Content-type:text/html;charset=UTF-8  From:eziFunerals
mail() on [/home/greencub/public_html/Projects/EZI/client-invitations-are-on-their-way.php:125]: To: greencubestest+123@gmail.com -- Headers: MIME-Version: 1.0  Content-type:text/html;charset=UTF-8  From:eziFunerals
mail() on [/home/greencub/public_html/Projects/EZI/client-invitations-are-on-their-way.php:125]: To: greencubestest+123@gmail.com -- Headers: MIME-Version: 1.0  Content-type:text/html;charset=UTF-8  From:eziFunerals
mail() on [/home/greencub/public_html/Projects/EZI/client-invitations-are-on-their-way.php:125]: To: greencubestest+123@gmail.com -- Headers: MIME-Version: 1.0  Content-type:text/html;charset=UTF-8  From:eziFunerals
mail() on [/home/greencub/public_html/Projects/EZI/client-invitations-are-on-their-way.php:125]: To: greencubestest+123@gmail.com -- Headers: MIME-Version: 1.0  Content-type:text/html;charset=UTF-8  From:eziFunerals
mail() on [/home/greencub/public_html/Projects/EZI/client-invitations-are-on-their-way.php:125]: To: greencubestest+123@gmail.com -- Headers: MIME-Version: 1.0  Content-type:text/html;charset=UTF-8  From:eziFunerals
mail() on [/home/greencub/public_html/Projects/EZI/client-invitations-are-on-their-way.php:125]: To: greencubestest+123@gmail.com -- Headers: MIME-Version: 1.0  Content-type:text/html;charset=UTF-8  From:eziFunerals
mail() on [/home/greencub/public_html/Projects/EZI/client-invitations-are-on-their-way.php:125]: To: greencubestest+123@gmail.com -- Headers: MIME-Version: 1.0  Content-type:text/html;charset=UTF-8  From:eziFunerals
mail() on [/home/greencub/public_html/Projects/EZI/client-invitations-are-on-their-way.php:125]: To: peter@ezifunerals.com.au -- Headers: MIME-Version: 1.0  Content-type:text/html;charset=UTF-8  From:eziFunerals
mail() on [/home/greencub/public_html/Projects/EZI/client-invitations-are-on-their-way.php:125]: To: greencubestest+123@gmail.com -- Headers: MIME-Version: 1.0  Content-type:text/html;charset=UTF-8  From:eziFunerals
